[transformers] `torch_dtype` is deprecated! Use `dtype` instead!
Loading weights: 100%|██████████| 339/339 [00:55<00:00,  6.10it/s]

--- Run 1/30 ---
  success=True  steps=2  reason=finish_success

--- Run 2/30 ---
  success=True  steps=1  reason=finish_success

--- Run 3/30 ---
  success=True  steps=2  reason=finish_success

--- Run 4/30 ---
  success=False  steps=0  reason=parse_error

--- Run 5/30 ---
  success=True  steps=1  reason=finish_success

--- Run 6/30 ---
  success=False  steps=0  reason=parse_error

--- Run 7/30 ---
  success=False  steps=0  reason=parse_error

--- Run 8/30 ---
  success=False  steps=0  reason=parse_error

--- Run 9/30 ---
  success=False  steps=0  reason=parse_error

--- Run 10/30 ---
  success=False  steps=0  reason=parse_error

--- Run 11/30 ---
  success=True  steps=2  reason=finish_success

--- Run 12/30 ---
  success=True  steps=2  reason=finish_success

--- Run 13/30 ---
  success=True  steps=1  reason=finish_success

--- Run 14/30 ---
  success=False  steps=0  reason=parse_error

--- Run 15/30 ---
  success=False  steps=0  reason=parse_error

--- Run 16/30 ---
  success=True  steps=2  reason=finish_success

--- Run 17/30 ---
  success=True  steps=2  reason=finish_success

--- Run 18/30 ---
  success=True  steps=2  reason=finish_success

--- Run 19/30 ---
  success=True  steps=2  reason=finish_success

--- Run 20/30 ---
  success=True  steps=2  reason=finish_success

--- Run 21/30 ---
  success=False  steps=0  reason=parse_error

--- Run 22/30 ---
  success=True  steps=1  reason=finish_success

--- Run 23/30 ---
  success=True  steps=1  reason=finish_success

--- Run 24/30 ---
  success=False  steps=0  reason=parse_error

--- Run 25/30 ---
  success=False  steps=0  reason=parse_error

--- Run 26/30 ---
  success=False  steps=0  reason=parse_error

--- Run 27/30 ---
  success=False  steps=0  reason=parse_error

--- Run 28/30 ---
  success=True  steps=2  reason=finish_success

--- Run 29/30 ---
  success=False  steps=0  reason=parse_error

--- Run 30/30 ---
  success=True  steps=2  reason=finish_success

=== Experiment complete ===
  success_rate: 53.33%
  finish_rate:  53.33%
  mean_steps:   0.9
  mean_steps_to_success: 1.7
  aggregate saved to: outputs/beers_text_default/aggregate.json
