[transformers] `torch_dtype` is deprecated! Use `dtype` instead!
Loading weights: 100%|██████████| 883/883 [00:25<00:00, 34.79it/s] 

=== Experiment setup ===
Config:          configs/config.yaml
Env override:    configs/env_mass_abbrev.yaml
Model override:  configs/model_gemma3_4b.yaml
Run name:        mass_abbrev_gemma3_4b
Output dir:      outputs/mass_abbrev_gemma3_4b
Target variable: mass
Naming mode:     abstract
Action mode:     increase_decrease
N runs:          30

--- Run 1/30 ---
  success=False  steps=8  reason=finish_wrong

--- Run 2/30 ---
  success=False  steps=4  reason=finish_wrong

--- Run 3/30 ---
  success=False  steps=6  reason=finish_wrong

--- Run 4/30 ---
  success=False  steps=5  reason=finish_wrong

--- Run 5/30 ---
  success=False  steps=6  reason=finish_wrong

--- Run 6/30 ---
  success=False  steps=4  reason=finish_wrong

--- Run 7/30 ---
  success=False  steps=5  reason=finish_wrong

--- Run 8/30 ---
  success=False  steps=5  reason=finish_wrong

--- Run 9/30 ---
  success=False  steps=7  reason=finish_wrong

--- Run 10/30 ---
  success=False  steps=4  reason=finish_wrong

--- Run 11/30 ---
  success=False  steps=5  reason=finish_wrong

--- Run 12/30 ---
  success=False  steps=8  reason=finish_wrong

--- Run 13/30 ---
  success=False  steps=4  reason=finish_wrong

--- Run 14/30 ---
  success=False  steps=11  reason=finish_wrong

--- Run 15/30 ---
  success=False  steps=6  reason=finish_wrong

--- Run 16/30 ---
  success=False  steps=5  reason=finish_wrong

--- Run 17/30 ---
  success=False  steps=5  reason=finish_wrong

--- Run 18/30 ---
  success=False  steps=7  reason=finish_wrong

--- Run 19/30 ---
  success=False  steps=7  reason=finish_wrong

--- Run 20/30 ---
  success=False  steps=4  reason=finish_wrong

--- Run 21/30 ---
  success=False  steps=7  reason=finish_wrong

--- Run 22/30 ---
  success=False  steps=5  reason=finish_wrong

--- Run 23/30 ---
  success=False  steps=5  reason=finish_wrong

--- Run 24/30 ---
  success=False  steps=5  reason=finish_wrong

--- Run 25/30 ---
  success=False  steps=6  reason=finish_wrong

--- Run 26/30 ---
  success=False  steps=9  reason=finish_wrong

--- Run 27/30 ---
  success=False  steps=5  reason=finish_wrong

--- Run 28/30 ---
  success=False  steps=5  reason=finish_wrong

--- Run 29/30 ---
  success=True  steps=5  reason=finish_success

--- Run 30/30 ---
  success=False  steps=6  reason=finish_wrong

=== Experiment complete ===
  success_rate: 3.33%
  finish_rate:  100.00%
  mean_steps:   5.8
  mean_steps_to_success: 5.0
  aggregate saved to: outputs/mass_abbrev_gemma3_4b/aggregate.json
  episode files saved under: outputs/mass_abbrev_gemma3_4b/run_XX/
