[transformers] `torch_dtype` is deprecated! Use `dtype` instead!
Loading weights: 100%|██████████| 291/291 [00:57<00:00,  5.10it/s]

--- Run 1/30 ---
  success=False  steps=8  reason=finish_wrong

--- Run 2/30 ---
  success=False  steps=40  reason=finish_wrong

--- Run 3/30 ---
  success=False  steps=27  reason=finish_wrong

--- Run 4/30 ---
  success=False  steps=100  reason=max_steps

--- Run 5/30 ---
  success=False  steps=19  reason=finish_wrong

--- Run 6/30 ---
  success=False  steps=45  reason=finish_wrong

--- Run 7/30 ---
  success=False  steps=46  reason=finish_wrong

--- Run 8/30 ---
  success=False  steps=11  reason=finish_wrong

--- Run 9/30 ---
  success=False  steps=34  reason=finish_wrong

--- Run 10/30 ---
  success=False  steps=24  reason=finish_wrong

--- Run 11/30 ---
  success=False  steps=100  reason=max_steps

--- Run 12/30 ---
  success=False  steps=78  reason=finish_wrong

--- Run 13/30 ---
  success=False  steps=100  reason=max_steps

--- Run 14/30 ---
  success=False  steps=38  reason=finish_wrong

--- Run 15/30 ---
  success=False  steps=45  reason=finish_wrong

--- Run 16/30 ---
  success=False  steps=38  reason=finish_wrong

--- Run 17/30 ---
  success=False  steps=12  reason=parse_error

--- Run 18/30 ---
  success=False  steps=47  reason=finish_wrong

--- Run 19/30 ---
  success=False  steps=40  reason=finish_wrong

--- Run 20/30 ---
  success=False  steps=36  reason=finish_wrong

--- Run 21/30 ---
  success=False  steps=100  reason=max_steps

--- Run 22/30 ---
  success=False  steps=44  reason=finish_wrong

--- Run 23/30 ---
  success=False  steps=84  reason=finish_wrong

--- Run 24/30 ---
  success=False  steps=18  reason=finish_wrong

--- Run 25/30 ---
  success=False  steps=22  reason=finish_wrong

--- Run 26/30 ---
  success=False  steps=49  reason=finish_wrong

--- Run 27/30 ---
  success=False  steps=100  reason=max_steps

--- Run 28/30 ---
  success=False  steps=16  reason=finish_wrong

--- Run 29/30 ---
  success=False  steps=65  reason=finish_wrong

--- Run 30/30 ---
  success=False  steps=41  reason=finish_wrong

=== Experiment complete ===
  success_rate: 0.00%
  finish_rate:  80.00%
  mean_steps:   47.6
  aggregate saved to: outputs/beers_text_default/aggregate.json
