[transformers] `torch_dtype` is deprecated! Use `dtype` instead!
Loading weights: 100%|██████████| 883/883 [00:39<00:00, 22.23it/s] 

=== Experiment setup ===
Config:          configs/config.yaml
Env override:    configs/env_beers_concrete.yaml
Model override:  configs/model_gemma3_4b.yaml
Run name:        beers_concrete_gemma3_4b
Output dir:      outputs/beers_concrete_gemma3_4b
Target variable: absorbance
Naming mode:     concrete
Action mode:     increase_decrease
N runs:          30

--- Run 1/30 ---
  success=False  steps=4  reason=finish_wrong

--- Run 2/30 ---
  success=False  steps=4  reason=finish_wrong

--- Run 3/30 ---
  success=False  steps=4  reason=finish_wrong

--- Run 4/30 ---
  success=False  steps=2  reason=finish_wrong

--- Run 5/30 ---
  success=False  steps=5  reason=finish_wrong

--- Run 6/30 ---
  success=True  steps=4  reason=finish_success

--- Run 7/30 ---
  success=True  steps=4  reason=finish_success

--- Run 8/30 ---
  success=False  steps=4  reason=finish_wrong

--- Run 9/30 ---
  success=True  steps=4  reason=finish_success

--- Run 10/30 ---
  success=True  steps=4  reason=finish_success

--- Run 11/30 ---
  success=False  steps=5  reason=finish_wrong

--- Run 12/30 ---
  success=True  steps=8  reason=finish_success

--- Run 13/30 ---
  success=False  steps=7  reason=finish_wrong

--- Run 14/30 ---
  success=False  steps=4  reason=finish_wrong

--- Run 15/30 ---
  success=True  steps=5  reason=finish_success

--- Run 16/30 ---
  success=False  steps=4  reason=finish_wrong

--- Run 17/30 ---
  success=True  steps=5  reason=finish_success

--- Run 18/30 ---
  success=False  steps=5  reason=finish_wrong

--- Run 19/30 ---
  success=False  steps=10  reason=finish_wrong

--- Run 20/30 ---
  success=True  steps=4  reason=finish_success

--- Run 21/30 ---
  success=True  steps=9  reason=finish_success

--- Run 22/30 ---
  success=True  steps=6  reason=finish_success

--- Run 23/30 ---
  success=False  steps=5  reason=finish_wrong

--- Run 24/30 ---
  success=True  steps=4  reason=finish_success

--- Run 25/30 ---
  success=False  steps=4  reason=finish_wrong

--- Run 26/30 ---
  success=True  steps=4  reason=finish_success

--- Run 27/30 ---
  success=False  steps=4  reason=finish_wrong

--- Run 28/30 ---
  success=False  steps=4  reason=finish_wrong

--- Run 29/30 ---
  success=False  steps=4  reason=finish_wrong

--- Run 30/30 ---
  success=True  steps=5  reason=finish_success

=== Experiment complete ===
  success_rate: 43.33%
  finish_rate:  100.00%
  mean_steps:   4.8
  mean_steps_to_success: 5.1
  aggregate saved to: outputs/beers_concrete_gemma3_4b/aggregate.json
  episode files saved under: outputs/beers_concrete_gemma3_4b/run_XX/
