[transformers] `torch_dtype` is deprecated! Use `dtype` instead!
Loading weights: 100%|██████████████████████████████████████████████████████████████| 291/291 [00:02<00:00, 136.13it/s]

--- Run 1/30 ---
  success=True  steps=24  reason=finish_success

--- Run 2/30 ---
  success=False  steps=25  reason=finish_wrong

--- Run 3/30 ---
  success=True  steps=10  reason=finish_success

--- Run 4/30 ---
  success=True  steps=39  reason=finish_success

--- Run 5/30 ---
  success=False  steps=100  reason=max_steps

--- Run 6/30 ---
  success=True  steps=8  reason=finish_success

--- Run 7/30 ---
  success=True  steps=9  reason=finish_success

--- Run 8/30 ---
  success=True  steps=84  reason=finish_success

--- Run 9/30 ---
  success=False  steps=47  reason=finish_wrong

--- Run 10/30 ---
  success=False  steps=10  reason=parse_error

--- Run 11/30 ---
  success=True  steps=18  reason=finish_success

--- Run 12/30 ---
  success=True  steps=15  reason=finish_success

--- Run 13/30 ---
  success=False  steps=52  reason=finish_wrong

--- Run 14/30 ---
  success=True  steps=14  reason=finish_success

--- Run 15/30 ---
  success=False  steps=30  reason=finish_wrong

--- Run 16/30 ---
  success=False  steps=51  reason=finish_wrong

--- Run 17/30 ---
  success=True  steps=12  reason=finish_success

--- Run 18/30 ---
  success=True  steps=11  reason=finish_success

--- Run 19/30 ---
  success=True  steps=33  reason=finish_success

--- Run 20/30 ---
  success=False  steps=75  reason=finish_wrong

--- Run 21/30 ---
  success=False  steps=41  reason=finish_wrong

--- Run 22/30 ---
  success=False  steps=53  reason=finish_wrong

--- Run 23/30 ---
  success=False  steps=10  reason=parse_error

--- Run 24/30 ---
  success=False  steps=34  reason=finish_wrong

--- Run 25/30 ---
  success=True  steps=9  reason=finish_success

--- Run 26/30 ---
  success=True  steps=90  reason=finish_success

--- Run 27/30 ---
  success=False  steps=100  reason=max_steps

--- Run 28/30 ---
  success=False  steps=12  reason=finish_wrong

--- Run 29/30 ---
  success=True  steps=52  reason=finish_success

--- Run 30/30 ---
  success=True  steps=47  reason=finish_success

=== Experiment complete ===
  success_rate: 53.33%
  finish_rate:  86.67%
  mean_steps:   37.2
  mean_steps_to_success: 29.7
  aggregate saved to: outputs/beers_text_default/aggregate.json
