[transformers] `torch_dtype` is deprecated! Use `dtype` instead!
Loading weights: 100%|██████████| 339/339 [00:46<00:00,  7.22it/s]

--- Run 1/30 ---
  success=False  steps=3  reason=finish_wrong

--- Run 2/30 ---
  success=False  steps=4  reason=finish_wrong

--- Run 3/30 ---
  success=False  steps=5  reason=finish_wrong

--- Run 4/30 ---
  success=True  steps=4  reason=finish_success

--- Run 5/30 ---
  success=False  steps=4  reason=finish_wrong

--- Run 6/30 ---
  success=False  steps=3  reason=finish_wrong

--- Run 7/30 ---
  success=False  steps=4  reason=finish_wrong

--- Run 8/30 ---
  success=False  steps=3  reason=finish_wrong

--- Run 9/30 ---
  success=True  steps=4  reason=finish_success

--- Run 10/30 ---
  success=False  steps=5  reason=finish_wrong

--- Run 11/30 ---
  success=False  steps=7  reason=finish_wrong

--- Run 12/30 ---
  success=False  steps=3  reason=finish_wrong

--- Run 13/30 ---
  success=False  steps=3  reason=finish_wrong

--- Run 14/30 ---
  success=False  steps=3  reason=finish_wrong

--- Run 15/30 ---
  success=False  steps=3  reason=finish_wrong

--- Run 16/30 ---
  success=True  steps=4  reason=finish_success

--- Run 17/30 ---
  success=True  steps=3  reason=finish_success

--- Run 18/30 ---
  success=True  steps=4  reason=finish_success

--- Run 19/30 ---
  success=True  steps=4  reason=finish_success

--- Run 20/30 ---
  success=False  steps=4  reason=finish_wrong

--- Run 21/30 ---
  success=False  steps=4  reason=finish_wrong

--- Run 22/30 ---
  success=False  steps=3  reason=finish_wrong

--- Run 23/30 ---
  success=True  steps=4  reason=finish_success

--- Run 24/30 ---
  success=True  steps=4  reason=finish_success

--- Run 25/30 ---
  success=True  steps=3  reason=finish_success

--- Run 26/30 ---
  success=True  steps=3  reason=finish_success

--- Run 27/30 ---
  success=True  steps=3  reason=finish_success

--- Run 28/30 ---
  success=False  steps=3  reason=finish_wrong

--- Run 29/30 ---
  success=True  steps=3  reason=finish_success

--- Run 30/30 ---
  success=True  steps=4  reason=finish_success

=== Experiment complete ===
  success_rate: 43.33%
  finish_rate:  100.00%
  mean_steps:   3.7
  mean_steps_to_success: 3.6
  aggregate saved to: outputs/beers_text_default/aggregate.json
