[transformers] `torch_dtype` is deprecated! Use `dtype` instead!
Loading weights: 100%|██████████| 291/291 [00:52<00:00,  5.59it/s]

=== Experiment setup ===
Config:          configs/config.yaml
Env override:    configs/env_beers_abbrev.yaml
Model override:  configs/model_llama31_8b.yaml
Run name:        beers_abbrev_llama31_8b
Output dir:      outputs/beers_abbrev_llama31_8b
Target variable: absorbance
Naming mode:     abstract
Action mode:     increase_decrease
N runs:          30

--- Run 1/30 ---
  success=False  steps=16  reason=finish_wrong

--- Run 2/30 ---
  success=False  steps=13  reason=finish_wrong

--- Run 3/30 ---
  success=False  steps=21  reason=finish_wrong

--- Run 4/30 ---
  success=True  steps=19  reason=finish_success

--- Run 5/30 ---
  success=False  steps=100  reason=max_steps

--- Run 6/30 ---
  success=False  steps=15  reason=finish_wrong

--- Run 7/30 ---
  success=False  steps=18  reason=finish_wrong

--- Run 8/30 ---
  success=False  steps=8  reason=finish_wrong

--- Run 9/30 ---
  success=True  steps=42  reason=finish_success

--- Run 10/30 ---
  success=False  steps=75  reason=finish_wrong

--- Run 11/30 ---
  success=False  steps=72  reason=finish_wrong

--- Run 12/30 ---
  success=False  steps=19  reason=finish_wrong

--- Run 13/30 ---
  success=False  steps=13  reason=finish_wrong

--- Run 14/30 ---
  success=False  steps=73  reason=finish_wrong

--- Run 15/30 ---
  success=False  steps=26  reason=finish_wrong

--- Run 16/30 ---
  success=False  steps=21  reason=finish_wrong

--- Run 17/30 ---
  success=False  steps=13  reason=finish_wrong

--- Run 18/30 ---
  success=False  steps=25  reason=parse_error

--- Run 19/30 ---
  success=False  steps=27  reason=finish_wrong

--- Run 20/30 ---
  success=False  steps=7  reason=finish_wrong

--- Run 21/30 ---
  success=True  steps=17  reason=finish_success

--- Run 22/30 ---
  success=False  steps=100  reason=max_steps

--- Run 23/30 ---
  success=False  steps=10  reason=finish_wrong

--- Run 24/30 ---
  success=False  steps=17  reason=finish_wrong

--- Run 25/30 ---
  success=False  steps=36  reason=finish_wrong

--- Run 26/30 ---
  success=False  steps=9  reason=finish_wrong

--- Run 27/30 ---
  success=False  steps=12  reason=finish_wrong

--- Run 28/30 ---
  success=False  steps=12  reason=finish_wrong

--- Run 29/30 ---
  success=False  steps=32  reason=finish_wrong

--- Run 30/30 ---
  success=False  steps=18  reason=finish_wrong

=== Experiment complete ===
  success_rate: 10.00%
  finish_rate:  90.00%
  mean_steps:   29.5
  mean_steps_to_success: 26.0
  aggregate saved to: outputs/beers_abbrev_llama31_8b/aggregate.json
  episode files saved under: outputs/beers_abbrev_llama31_8b/run_XX/
