Warning: You are sending unauthenticated requests to the HF Hub. Please set a HF_TOKEN to enable higher rate limits and faster downloads.
[transformers] `torch_dtype` is deprecated! Use `dtype` instead!
Loading weights: 100%|███████████████████████████████████████████████████████████████| 339/339 [00:58<00:00,  5.81it/s]

--- Run 1/30 ---
  success=False  steps=3  reason=finish_wrong

--- Run 2/30 ---
  success=False  steps=3  reason=finish_wrong

--- Run 3/30 ---
  success=True  steps=3  reason=finish_success

--- Run 4/30 ---
  success=True  steps=3  reason=finish_success

--- Run 5/30 ---
  success=True  steps=2  reason=finish_success

--- Run 6/30 ---
  success=True  steps=2  reason=finish_success

--- Run 7/30 ---
  success=True  steps=3  reason=finish_success

--- Run 8/30 ---
  success=True  steps=3  reason=finish_success

--- Run 9/30 ---
  success=True  steps=3  reason=finish_success

--- Run 10/30 ---
  success=False  steps=3  reason=finish_wrong

--- Run 11/30 ---
  success=True  steps=3  reason=finish_success

--- Run 12/30 ---
  success=True  steps=2  reason=finish_success

--- Run 13/30 ---
  success=False  steps=3  reason=finish_wrong

--- Run 14/30 ---
  success=False  steps=3  reason=finish_wrong

--- Run 15/30 ---
  success=False  steps=3  reason=finish_wrong

--- Run 16/30 ---
  success=False  steps=3  reason=finish_wrong

--- Run 17/30 ---
  success=False  steps=4  reason=finish_wrong

--- Run 18/30 ---
  success=True  steps=1  reason=finish_success

--- Run 19/30 ---
  success=True  steps=2  reason=finish_success

--- Run 20/30 ---
  success=True  steps=3  reason=finish_success

--- Run 21/30 ---
  success=False  steps=3  reason=finish_wrong

--- Run 22/30 ---
  success=False  steps=3  reason=finish_wrong

--- Run 23/30 ---
  success=False  steps=3  reason=finish_wrong

--- Run 24/30 ---
  success=False  steps=3  reason=finish_wrong

--- Run 25/30 ---
  success=True  steps=3  reason=finish_success

--- Run 26/30 ---
  success=True  steps=3  reason=finish_success

--- Run 27/30 ---
  success=True  steps=3  reason=finish_success

--- Run 28/30 ---
  success=True  steps=2  reason=finish_success

--- Run 29/30 ---
  success=False  steps=3  reason=finish_wrong

--- Run 30/30 ---
  success=True  steps=2  reason=finish_success

=== Experiment complete ===
  success_rate: 56.67%
  finish_rate:  100.00%
  mean_steps:   2.8
  mean_steps_to_success: 2.5
  aggregate saved to: outputs/beers_text_default/aggregate.json
