[transformers] `torch_dtype` is deprecated! Use `dtype` instead!
Loading weights: 100%|██████████| 291/291 [01:02<00:00,  4.64it/s]

=== Experiment setup ===
Config:          configs/config.yaml
Env override:    configs/env_mass_abbrev.yaml
Model override:  configs/model_llama31_8b.yaml
Run name:        mass_abbrev_llama31_8b
Output dir:      outputs/mass_abbrev_llama31_8b
Target variable: mass
Naming mode:     abstract
Action mode:     increase_decrease
N runs:          30

--- Run 1/30 ---
  success=False  steps=22  reason=finish_wrong

--- Run 2/30 ---
  success=True  steps=29  reason=finish_success

--- Run 3/30 ---
  success=False  steps=18  reason=finish_wrong

--- Run 4/30 ---
  success=True  steps=42  reason=finish_success

--- Run 5/30 ---
  success=False  steps=84  reason=finish_wrong

--- Run 6/30 ---
  success=False  steps=68  reason=finish_wrong

--- Run 7/30 ---
  success=False  steps=12  reason=finish_wrong

--- Run 8/30 ---
  success=True  steps=91  reason=finish_success

--- Run 9/30 ---
  success=False  steps=100  reason=max_steps

--- Run 10/30 ---
  success=True  steps=10  reason=finish_success

--- Run 11/30 ---
  success=True  steps=76  reason=finish_success

--- Run 12/30 ---
  success=False  steps=41  reason=finish_wrong

--- Run 13/30 ---
  success=True  steps=21  reason=finish_success

--- Run 14/30 ---
  success=False  steps=4  reason=parse_error

--- Run 15/30 ---
  success=False  steps=65  reason=finish_wrong

--- Run 16/30 ---
  success=False  steps=30  reason=finish_wrong

--- Run 17/30 ---
  success=False  steps=24  reason=finish_wrong

--- Run 18/30 ---
  success=False  steps=53  reason=finish_wrong

--- Run 19/30 ---
  success=False  steps=44  reason=finish_wrong

--- Run 20/30 ---
  success=False  steps=39  reason=finish_wrong

--- Run 21/30 ---
  success=False  steps=32  reason=finish_wrong

--- Run 22/30 ---
  success=False  steps=39  reason=finish_wrong

--- Run 23/30 ---
  success=False  steps=67  reason=finish_wrong

--- Run 24/30 ---
  success=False  steps=42  reason=finish_wrong

--- Run 25/30 ---
  success=False  steps=25  reason=finish_wrong

--- Run 26/30 ---
  success=False  steps=10  reason=finish_wrong

--- Run 27/30 ---
  success=True  steps=33  reason=finish_success

--- Run 28/30 ---
  success=False  steps=33  reason=finish_wrong

--- Run 29/30 ---
  success=False  steps=30  reason=finish_wrong

--- Run 30/30 ---
  success=False  steps=22  reason=finish_wrong

=== Experiment complete ===
  success_rate: 23.33%
  finish_rate:  93.33%
  mean_steps:   40.2
  mean_steps_to_success: 43.1
  aggregate saved to: outputs/mass_abbrev_llama31_8b/aggregate.json
  episode files saved under: outputs/mass_abbrev_llama31_8b/run_XX/
