[transformers] `torch_dtype` is deprecated! Use `dtype` instead!
Loading weights: 100%|██████████| 883/883 [00:29<00:00, 30.38it/s] 

=== Experiment setup ===
Config:          configs/config.yaml
Env override:    configs/env_kinematics_concrete.yaml
Model override:  configs/model_gemma3_4b.yaml
Run name:        kinematics_concrete_gemma3_4b
Output dir:      outputs/kinematics_concrete_gemma3_4b
Target variable: position
Naming mode:     concrete
Action mode:     increase_decrease
N runs:          30

--- Run 1/30 ---
  success=True  steps=4  reason=finish_success

--- Run 2/30 ---
  success=True  steps=4  reason=finish_success

--- Run 3/30 ---
  success=True  steps=5  reason=finish_success

--- Run 4/30 ---
  success=True  steps=5  reason=finish_success

--- Run 5/30 ---
  success=True  steps=5  reason=finish_success

--- Run 6/30 ---
  success=True  steps=5  reason=finish_success

--- Run 7/30 ---
  success=True  steps=5  reason=finish_success

--- Run 8/30 ---
  success=True  steps=6  reason=finish_success

--- Run 9/30 ---
  success=True  steps=4  reason=finish_success

--- Run 10/30 ---
  success=True  steps=6  reason=finish_success

--- Run 11/30 ---
  success=True  steps=4  reason=finish_success

--- Run 12/30 ---
  success=True  steps=5  reason=finish_success

--- Run 13/30 ---
  success=True  steps=4  reason=finish_success

--- Run 14/30 ---
  success=True  steps=4  reason=finish_success

--- Run 15/30 ---
  success=True  steps=4  reason=finish_success

--- Run 16/30 ---
  success=True  steps=5  reason=finish_success

--- Run 17/30 ---
  success=True  steps=5  reason=finish_success

--- Run 18/30 ---
  success=True  steps=4  reason=finish_success

--- Run 19/30 ---
  success=True  steps=5  reason=finish_success

--- Run 20/30 ---
  success=True  steps=6  reason=finish_success

--- Run 21/30 ---
  success=True  steps=4  reason=finish_success

--- Run 22/30 ---
  success=True  steps=4  reason=finish_success

--- Run 23/30 ---
  success=True  steps=5  reason=finish_success

--- Run 24/30 ---
  success=True  steps=5  reason=finish_success

--- Run 25/30 ---
  success=True  steps=3  reason=finish_success

--- Run 26/30 ---
  success=True  steps=1  reason=finish_success

--- Run 27/30 ---
  success=True  steps=6  reason=finish_success

--- Run 28/30 ---
  success=True  steps=3  reason=finish_success

--- Run 29/30 ---
  success=True  steps=6  reason=finish_success

--- Run 30/30 ---
  success=True  steps=3  reason=finish_success

=== Experiment complete ===
  success_rate: 100.00%
  finish_rate:  100.00%
  mean_steps:   4.5
  mean_steps_to_success: 4.5
  aggregate saved to: outputs/kinematics_concrete_gemma3_4b/aggregate.json
  episode files saved under: outputs/kinematics_concrete_gemma3_4b/run_XX/
