[transformers] `torch_dtype` is deprecated! Use `dtype` instead!
Loading weights: 100%|██████████| 291/291 [01:01<00:00,  4.72it/s]

=== Experiment setup ===
Config:          configs/config.yaml
Env override:    configs/env_kinematics_abstract.yaml
Model override:  configs/model_llama31_8b.yaml
Run name:        kinematics_abstract_llama31_8b
Output dir:      outputs/kinematics_abstract_llama31_8b
Target variable: position
Naming mode:     abstract
Action mode:     increase_decrease
N runs:          30

--- Run 1/30 ---
  success=False  steps=57  reason=finish_wrong

--- Run 2/30 ---
  success=False  steps=33  reason=finish_wrong

--- Run 3/30 ---
  success=False  steps=36  reason=finish_wrong

--- Run 4/30 ---
  success=False  steps=46  reason=finish_wrong

--- Run 5/30 ---
  success=False  steps=100  reason=max_steps

--- Run 6/30 ---
  success=False  steps=42  reason=finish_wrong

--- Run 7/30 ---
  success=False  steps=46  reason=finish_wrong

--- Run 8/30 ---
  success=False  steps=63  reason=finish_wrong

--- Run 9/30 ---
  success=False  steps=84  reason=finish_wrong

--- Run 10/30 ---
  success=False  steps=21  reason=finish_wrong

--- Run 11/30 ---
  success=False  steps=40  reason=finish_wrong

--- Run 12/30 ---
  success=False  steps=91  reason=finish_wrong

--- Run 13/30 ---
  success=False  steps=36  reason=finish_wrong

--- Run 14/30 ---
  success=False  steps=25  reason=finish_wrong

--- Run 15/30 ---
  success=False  steps=37  reason=finish_wrong

--- Run 16/30 ---
  success=False  steps=38  reason=finish_wrong

--- Run 17/30 ---
  success=False  steps=65  reason=finish_wrong

--- Run 18/30 ---
  success=False  steps=22  reason=finish_wrong

--- Run 19/30 ---
  success=False  steps=100  reason=max_steps

--- Run 20/30 ---
  success=False  steps=100  reason=max_steps

--- Run 21/30 ---
  success=False  steps=9  reason=finish_wrong

--- Run 22/30 ---
  success=False  steps=17  reason=finish_wrong

--- Run 23/30 ---
  success=False  steps=9  reason=finish_wrong

--- Run 24/30 ---
  success=False  steps=37  reason=finish_wrong

--- Run 25/30 ---
  success=False  steps=29  reason=finish_wrong

--- Run 26/30 ---
  success=False  steps=37  reason=finish_wrong

--- Run 27/30 ---
  success=False  steps=24  reason=finish_wrong

--- Run 28/30 ---
  success=False  steps=19  reason=finish_wrong

--- Run 29/30 ---
  success=False  steps=38  reason=finish_wrong

--- Run 30/30 ---
  success=False  steps=46  reason=finish_wrong

=== Experiment complete ===
  success_rate: 0.00%
  finish_rate:  90.00%
  mean_steps:   44.9
  aggregate saved to: outputs/kinematics_abstract_llama31_8b/aggregate.json
  episode files saved under: outputs/kinematics_abstract_llama31_8b/run_XX/
