[transformers] `torch_dtype` is deprecated! Use `dtype` instead!
Loading weights: 100%|██████████| 291/291 [01:05<00:00,  4.44it/s]

=== Experiment setup ===
Config:          configs/config.yaml
Env override:    configs/env_kinematics_abbrev.yaml
Model override:  configs/model_llama31_8b.yaml
Run name:        kinematics_abbrev_llama31_8b
Output dir:      outputs/kinematics_abbrev_llama31_8b
Target variable: position
Naming mode:     abstract
Action mode:     increase_decrease
N runs:          30

--- Run 1/30 ---
  success=False  steps=26  reason=finish_wrong

--- Run 2/30 ---
  success=False  steps=14  reason=finish_wrong

--- Run 3/30 ---
  success=False  steps=47  reason=finish_wrong

--- Run 4/30 ---
  success=False  steps=100  reason=max_steps

--- Run 5/30 ---
  success=False  steps=21  reason=finish_wrong

--- Run 6/30 ---
  success=False  steps=38  reason=finish_wrong

--- Run 7/30 ---
  success=False  steps=10  reason=finish_wrong

--- Run 8/30 ---
  success=False  steps=49  reason=finish_wrong

--- Run 9/30 ---
  success=False  steps=47  reason=finish_wrong

--- Run 10/30 ---
  success=True  steps=32  reason=finish_success

--- Run 11/30 ---
  success=True  steps=40  reason=finish_success

--- Run 12/30 ---
  success=False  steps=100  reason=max_steps

--- Run 13/30 ---
  success=False  steps=30  reason=finish_wrong

--- Run 14/30 ---
  success=True  steps=58  reason=finish_success

--- Run 15/30 ---
  success=False  steps=37  reason=finish_wrong

--- Run 16/30 ---
  success=False  steps=34  reason=finish_wrong

--- Run 17/30 ---
  success=False  steps=10  reason=parse_error

--- Run 18/30 ---
  success=False  steps=74  reason=finish_wrong

--- Run 19/30 ---
  success=False  steps=100  reason=max_steps

--- Run 20/30 ---
  success=False  steps=72  reason=finish_wrong

--- Run 21/30 ---
  success=False  steps=72  reason=finish_wrong

--- Run 22/30 ---
  success=False  steps=33  reason=finish_wrong

--- Run 23/30 ---
  success=False  steps=21  reason=finish_wrong

--- Run 24/30 ---
  success=False  steps=56  reason=finish_wrong

--- Run 25/30 ---
  success=False  steps=45  reason=finish_wrong

--- Run 26/30 ---
  success=False  steps=39  reason=finish_wrong

--- Run 27/30 ---
  success=False  steps=18  reason=finish_wrong

--- Run 28/30 ---
  success=False  steps=69  reason=finish_wrong

--- Run 29/30 ---
  success=False  steps=45  reason=finish_wrong

--- Run 30/30 ---
  success=False  steps=30  reason=finish_wrong

=== Experiment complete ===
  success_rate: 10.00%
  finish_rate:  86.67%
  mean_steps:   45.6
  mean_steps_to_success: 43.3
  aggregate saved to: outputs/kinematics_abbrev_llama31_8b/aggregate.json
  episode files saved under: outputs/kinematics_abbrev_llama31_8b/run_XX/
