[transformers] `torch_dtype` is deprecated! Use `dtype` instead!
Loading weights: 100%|██████████| 291/291 [01:02<00:00,  4.68it/s]

--- Run 1/30 ---
  success=False  steps=24  reason=finish_wrong

--- Run 2/30 ---
  success=True  steps=10  reason=finish_success

--- Run 3/30 ---
  success=True  steps=13  reason=finish_success

--- Run 4/30 ---
  success=False  steps=10  reason=finish_wrong

--- Run 5/30 ---
  success=False  steps=20  reason=finish_wrong

--- Run 6/30 ---
  success=True  steps=11  reason=finish_success

--- Run 7/30 ---
  success=True  steps=41  reason=finish_success

--- Run 8/30 ---
  success=True  steps=11  reason=finish_success

--- Run 9/30 ---
  success=False  steps=13  reason=finish_wrong

--- Run 10/30 ---
  success=True  steps=9  reason=finish_success

--- Run 11/30 ---
  success=False  steps=19  reason=finish_wrong

--- Run 12/30 ---
  success=True  steps=15  reason=finish_success

--- Run 13/30 ---
  success=False  steps=55  reason=finish_wrong

--- Run 14/30 ---
  success=False  steps=19  reason=finish_wrong

--- Run 15/30 ---
  success=True  steps=44  reason=finish_success

--- Run 16/30 ---
  success=False  steps=100  reason=max_steps

--- Run 17/30 ---
  success=False  steps=8  reason=finish_wrong

--- Run 18/30 ---
  success=False  steps=100  reason=max_steps

--- Run 19/30 ---
  success=False  steps=7  reason=parse_error

--- Run 20/30 ---
  success=False  steps=6  reason=parse_error

--- Run 21/30 ---
  success=True  steps=17  reason=finish_success

--- Run 22/30 ---
  success=True  steps=27  reason=finish_success

--- Run 23/30 ---
  success=True  steps=70  reason=finish_success

--- Run 24/30 ---
  success=True  steps=10  reason=finish_success

--- Run 25/30 ---
  success=False  steps=39  reason=finish_wrong

--- Run 26/30 ---
  success=True  steps=15  reason=finish_success

--- Run 27/30 ---
  success=True  steps=9  reason=finish_success

--- Run 28/30 ---
  success=False  steps=51  reason=finish_wrong

--- Run 29/30 ---
  success=True  steps=13  reason=finish_success

--- Run 30/30 ---
  success=True  steps=25  reason=finish_success

=== Experiment complete ===
  success_rate: 53.33%
  finish_rate:  86.67%
  mean_steps:   27.0
  mean_steps_to_success: 21.2
  aggregate saved to: outputs/beers_text_default/aggregate.json
