[transformers] `torch_dtype` is deprecated! Use `dtype` instead!
Loading weights: 100%|██████████| 434/434 [00:20<00:00, 21.50it/s]

--- Run 1/30 ---
  success=False  steps=2  reason=finish_wrong

--- Run 2/30 ---
  success=False  steps=2  reason=parse_error

--- Run 3/30 ---
  success=False  steps=3  reason=finish_wrong

--- Run 4/30 ---
  success=True  steps=4  reason=finish_success

--- Run 5/30 ---
  success=False  steps=5  reason=finish_wrong

--- Run 6/30 ---
  success=False  steps=3  reason=finish_wrong

--- Run 7/30 ---
  success=False  steps=2  reason=finish_wrong

--- Run 8/30 ---
  success=False  steps=7  reason=finish_wrong

--- Run 9/30 ---
  success=False  steps=24  reason=finish_wrong

--- Run 10/30 ---
  success=True  steps=3  reason=finish_success

--- Run 11/30 ---
  success=True  steps=4  reason=finish_success

--- Run 12/30 ---
  success=True  steps=1  reason=finish_success

--- Run 13/30 ---
  success=False  steps=6  reason=finish_wrong

--- Run 14/30 ---
  success=False  steps=7  reason=finish_wrong

--- Run 15/30 ---
  success=False  steps=1  reason=finish_wrong

--- Run 16/30 ---
  success=True  steps=3  reason=finish_success

--- Run 17/30 ---
  success=False  steps=4  reason=finish_wrong

--- Run 18/30 ---
  success=False  steps=5  reason=finish_wrong

--- Run 19/30 ---
  success=True  steps=3  reason=finish_success

--- Run 20/30 ---
  success=False  steps=3  reason=finish_wrong

--- Run 21/30 ---
  success=True  steps=5  reason=finish_success

--- Run 22/30 ---
  success=False  steps=4  reason=finish_wrong

--- Run 23/30 ---
  success=False  steps=1  reason=finish_wrong

--- Run 24/30 ---
  success=True  steps=5  reason=finish_success

--- Run 25/30 ---
  success=True  steps=8  reason=finish_success

--- Run 26/30 ---
  success=False  steps=19  reason=finish_wrong

--- Run 27/30 ---
  success=True  steps=6  reason=finish_success

--- Run 28/30 ---
  success=True  steps=2  reason=finish_success

--- Run 29/30 ---
  success=True  steps=1  reason=finish_success

--- Run 30/30 ---
  success=True  steps=1  reason=finish_success

=== Experiment complete ===
  success_rate: 43.33%
  finish_rate:  96.67%
  mean_steps:   4.8
  mean_steps_to_success: 3.5
  aggregate saved to: outputs/beers_text_default/aggregate.json
