[transformers] `torch_dtype` is deprecated! Use `dtype` instead!
Loading weights: 100%|██████████| 291/291 [00:57<00:00,  5.09it/s]

--- Run 1/30 ---
  success=False  steps=3  reason=parse_error

--- Run 2/30 ---
  success=False  steps=3  reason=parse_error

--- Run 3/30 ---
  success=False  steps=2  reason=parse_error

--- Run 4/30 ---
  success=False  steps=6  reason=parse_error

--- Run 5/30 ---
  success=False  steps=3  reason=parse_error

--- Run 6/30 ---
  success=False  steps=9  reason=parse_error

--- Run 7/30 ---
  success=False  steps=4  reason=parse_error

--- Run 8/30 ---
  success=True  steps=3  reason=finish_success

--- Run 9/30 ---
  success=False  steps=2  reason=parse_error

--- Run 10/30 ---
  success=False  steps=3  reason=parse_error

--- Run 11/30 ---
  success=False  steps=2  reason=parse_error

--- Run 12/30 ---
  success=False  steps=4  reason=parse_error

--- Run 13/30 ---
  success=False  steps=4  reason=parse_error

--- Run 14/30 ---
  success=False  steps=2  reason=parse_error

--- Run 15/30 ---
  success=False  steps=2  reason=parse_error

--- Run 16/30 ---
  success=False  steps=5  reason=parse_error

--- Run 17/30 ---
  success=False  steps=3  reason=parse_error

--- Run 18/30 ---
  success=False  steps=2  reason=parse_error

--- Run 19/30 ---
  success=False  steps=5  reason=parse_error

--- Run 20/30 ---
  success=False  steps=5  reason=parse_error

--- Run 21/30 ---
  success=False  steps=3  reason=parse_error

--- Run 22/30 ---
  success=False  steps=4  reason=parse_error

--- Run 23/30 ---
  success=False  steps=3  reason=parse_error

--- Run 24/30 ---
  success=False  steps=10  reason=parse_error

--- Run 25/30 ---
  success=False  steps=3  reason=parse_error

--- Run 26/30 ---
  success=False  steps=5  reason=parse_error

--- Run 27/30 ---
  success=False  steps=4  reason=parse_error

--- Run 28/30 ---
  success=False  steps=2  reason=parse_error

--- Run 29/30 ---
  success=False  steps=2  reason=parse_error

--- Run 30/30 ---
  success=False  steps=6  reason=parse_error

=== Experiment complete ===
  success_rate: 3.33%
  finish_rate:  3.33%
  mean_steps:   3.8
  mean_steps_to_success: 3.0
  aggregate saved to: outputs/beers_text_default/aggregate.json
