[transformers] `torch_dtype` is deprecated! Use `dtype` instead!
Loading weights: 100%|██████████| 291/291 [01:04<00:00,  4.52it/s]

--- Run 1/30 ---
  success=False  steps=17  reason=finish_wrong

--- Run 2/30 ---
  success=True  steps=16  reason=finish_success

--- Run 3/30 ---
  success=False  steps=21  reason=finish_wrong

--- Run 4/30 ---
  success=True  steps=21  reason=finish_success

--- Run 5/30 ---
  success=True  steps=42  reason=finish_success

--- Run 6/30 ---
  success=True  steps=55  reason=finish_success

--- Run 7/30 ---
  success=False  steps=17  reason=finish_wrong

--- Run 8/30 ---
  success=True  steps=12  reason=finish_success

--- Run 9/30 ---
  success=False  steps=12  reason=finish_wrong

--- Run 10/30 ---
  success=False  steps=76  reason=finish_wrong

--- Run 11/30 ---
  success=False  steps=18  reason=finish_wrong

--- Run 12/30 ---
  success=False  steps=63  reason=finish_wrong

--- Run 13/30 ---
  success=True  steps=14  reason=finish_success

--- Run 14/30 ---
  success=False  steps=17  reason=finish_wrong

--- Run 15/30 ---
  success=False  steps=48  reason=finish_wrong

--- Run 16/30 ---
  success=False  steps=41  reason=finish_wrong

--- Run 17/30 ---
  success=True  steps=16  reason=finish_success

--- Run 18/30 ---
  success=False  steps=42  reason=finish_wrong

--- Run 19/30 ---
  success=False  steps=14  reason=finish_wrong

--- Run 20/30 ---
  success=False  steps=21  reason=finish_wrong

--- Run 21/30 ---
  success=False  steps=23  reason=finish_wrong

--- Run 22/30 ---
  success=False  steps=86  reason=finish_wrong

--- Run 23/30 ---
  success=False  steps=14  reason=finish_wrong

--- Run 24/30 ---
  success=False  steps=0  reason=parse_error

--- Run 25/30 ---
  success=False  steps=12  reason=finish_wrong

--- Run 26/30 ---
  success=False  steps=37  reason=finish_wrong

--- Run 27/30 ---
  success=True  steps=22  reason=finish_success

--- Run 28/30 ---
  success=False  steps=0  reason=parse_error

--- Run 29/30 ---
  success=False  steps=19  reason=finish_wrong

--- Run 30/30 ---
  success=False  steps=34  reason=finish_wrong

=== Experiment complete ===
  success_rate: 26.67%
  finish_rate:  93.33%
  mean_steps:   27.7
  mean_steps_to_success: 24.8
  aggregate saved to: outputs/beers_text_default/aggregate.json
