[transformers] `torch_dtype` is deprecated! Use `dtype` instead!
Loading weights: 100%|██████████| 291/291 [00:57<00:00,  5.07it/s]

--- Run 1/30 ---
  success=False  steps=17  reason=finish_wrong

--- Run 2/30 ---
  success=False  steps=40  reason=finish_wrong

--- Run 3/30 ---
  success=False  steps=6  reason=finish_wrong

--- Run 4/30 ---
  success=False  steps=100  reason=max_steps

--- Run 5/30 ---
  success=True  steps=94  reason=finish_success

--- Run 6/30 ---
  success=False  steps=100  reason=max_steps

--- Run 7/30 ---
  success=False  steps=18  reason=finish_wrong

--- Run 8/30 ---
  success=False  steps=100  reason=max_steps

--- Run 9/30 ---
  success=False  steps=100  reason=max_steps

--- Run 10/30 ---
  success=False  steps=100  reason=max_steps

--- Run 11/30 ---
  success=True  steps=65  reason=finish_success

--- Run 12/30 ---
  success=False  steps=31  reason=finish_wrong

--- Run 13/30 ---
  success=False  steps=26  reason=finish_wrong

--- Run 14/30 ---
  success=False  steps=85  reason=finish_wrong

--- Run 15/30 ---
  success=False  steps=64  reason=finish_wrong

--- Run 16/30 ---
  success=False  steps=10  reason=finish_wrong

--- Run 17/30 ---
  success=False  steps=31  reason=finish_wrong

--- Run 18/30 ---
  success=False  steps=32  reason=finish_wrong

--- Run 19/30 ---
  success=False  steps=34  reason=finish_wrong

--- Run 20/30 ---
  success=False  steps=37  reason=finish_wrong

--- Run 21/30 ---
  success=False  steps=60  reason=finish_wrong

--- Run 22/30 ---
  success=False  steps=50  reason=finish_wrong

--- Run 23/30 ---
  success=False  steps=63  reason=finish_wrong

--- Run 24/30 ---
  success=False  steps=56  reason=finish_wrong

--- Run 25/30 ---
  success=False  steps=41  reason=finish_wrong

--- Run 26/30 ---
  success=False  steps=16  reason=finish_wrong

--- Run 27/30 ---
  success=False  steps=100  reason=max_steps

--- Run 28/30 ---
  success=False  steps=40  reason=finish_wrong

--- Run 29/30 ---
  success=False  steps=65  reason=finish_wrong

--- Run 30/30 ---
  success=False  steps=100  reason=max_steps

=== Experiment complete ===
  success_rate: 6.67%
  finish_rate:  76.67%
  mean_steps:   56.0
  mean_steps_to_success: 79.5
  aggregate saved to: outputs/beers_text_default/aggregate.json
