[transformers] `torch_dtype` is deprecated! Use `dtype` instead!
Loading weights: 100%|██████████| 291/291 [01:11<00:00,  4.07it/s]

=== Experiment setup ===
Config:          configs/config.yaml
Env override:    configs/env_ohm_abbrev.yaml
Model override:  configs/model_llama31_8b.yaml
Run name:        ohm_abbrev_llama31_8b
Output dir:      outputs/ohm_abbrev_llama31_8b
Target variable: voltage
Naming mode:     abstract
Action mode:     increase_decrease
N runs:          30

--- Run 1/30 ---
  success=False  steps=50  reason=finish_wrong

--- Run 2/30 ---
  success=False  steps=46  reason=finish_wrong

--- Run 3/30 ---
  success=False  steps=41  reason=finish_wrong

--- Run 4/30 ---
  success=False  steps=24  reason=finish_wrong

--- Run 5/30 ---
  success=False  steps=57  reason=finish_wrong

--- Run 6/30 ---
  success=False  steps=100  reason=max_steps

--- Run 7/30 ---
  success=False  steps=14  reason=finish_wrong

--- Run 8/30 ---
  success=True  steps=40  reason=finish_success

--- Run 9/30 ---
  success=False  steps=54  reason=finish_wrong

--- Run 10/30 ---
  success=False  steps=13  reason=finish_wrong

--- Run 11/30 ---
  success=False  steps=38  reason=finish_wrong

--- Run 12/30 ---
  success=False  steps=19  reason=finish_wrong

--- Run 13/30 ---
  success=True  steps=97  reason=finish_success

--- Run 14/30 ---
  success=True  steps=27  reason=finish_success

--- Run 15/30 ---
  success=True  steps=40  reason=finish_success

--- Run 16/30 ---
  success=False  steps=22  reason=finish_wrong

--- Run 17/30 ---
  success=False  steps=12  reason=finish_wrong

--- Run 18/30 ---
  success=False  steps=77  reason=finish_wrong

--- Run 19/30 ---
  success=True  steps=42  reason=finish_success

--- Run 20/30 ---
  success=False  steps=35  reason=finish_wrong

--- Run 21/30 ---
  success=False  steps=49  reason=finish_wrong

--- Run 22/30 ---
  success=False  steps=63  reason=finish_wrong

--- Run 23/30 ---
  success=False  steps=100  reason=max_steps

--- Run 24/30 ---
  success=False  steps=11  reason=finish_wrong

--- Run 25/30 ---
  success=False  steps=97  reason=finish_wrong

--- Run 26/30 ---
  success=False  steps=70  reason=finish_wrong

--- Run 27/30 ---
  success=False  steps=100  reason=max_steps

--- Run 28/30 ---
  success=False  steps=35  reason=finish_wrong

--- Run 29/30 ---
  success=True  steps=43  reason=finish_success

--- Run 30/30 ---
  success=True  steps=67  reason=finish_success

=== Experiment complete ===
  success_rate: 23.33%
  finish_rate:  90.00%
  mean_steps:   49.4
  mean_steps_to_success: 50.9
  aggregate saved to: outputs/ohm_abbrev_llama31_8b/aggregate.json
  episode files saved under: outputs/ohm_abbrev_llama31_8b/run_XX/
