[transformers] `torch_dtype` is deprecated! Use `dtype` instead!
Loading weights: 100%|██████████| 291/291 [00:51<00:00,  5.63it/s]

=== Experiment setup ===
Config:          configs/config.yaml
Env override:    configs/env_kinematics_concrete.yaml
Model override:  configs/model_llama31_8b.yaml
Run name:        kinematics_concrete_llama31_8b
Output dir:      outputs/kinematics_concrete_llama31_8b
Target variable: position
Naming mode:     concrete
Action mode:     increase_decrease
N runs:          30

--- Run 1/30 ---
  success=False  steps=49  reason=finish_wrong

--- Run 2/30 ---
  success=True  steps=62  reason=finish_success

--- Run 3/30 ---
  success=True  steps=29  reason=finish_success

--- Run 4/30 ---
  success=True  steps=46  reason=finish_success

--- Run 5/30 ---
  success=True  steps=42  reason=finish_success

--- Run 6/30 ---
  success=True  steps=47  reason=finish_success

--- Run 7/30 ---
  success=True  steps=23  reason=finish_success

--- Run 8/30 ---
  success=True  steps=69  reason=finish_success

--- Run 9/30 ---
  success=True  steps=43  reason=finish_success

--- Run 10/30 ---
  success=False  steps=31  reason=finish_wrong

--- Run 11/30 ---
  success=True  steps=10  reason=finish_success

--- Run 12/30 ---
  success=True  steps=51  reason=finish_success

--- Run 13/30 ---
  success=True  steps=39  reason=finish_success

--- Run 14/30 ---
  success=True  steps=34  reason=finish_success

--- Run 15/30 ---
  success=True  steps=32  reason=finish_success

--- Run 16/30 ---
  success=True  steps=10  reason=finish_success

--- Run 17/30 ---
  success=True  steps=17  reason=finish_success

--- Run 18/30 ---
  success=True  steps=14  reason=finish_success

--- Run 19/30 ---
  success=True  steps=57  reason=finish_success

--- Run 20/30 ---
  success=True  steps=37  reason=finish_success

--- Run 21/30 ---
  success=True  steps=47  reason=finish_success

--- Run 22/30 ---
  success=True  steps=11  reason=finish_success

--- Run 23/30 ---
  success=True  steps=93  reason=finish_success

--- Run 24/30 ---
  success=True  steps=27  reason=finish_success

--- Run 25/30 ---
  success=True  steps=23  reason=finish_success

--- Run 26/30 ---
  success=True  steps=14  reason=finish_success

--- Run 27/30 ---
  success=True  steps=21  reason=finish_success

--- Run 28/30 ---
  success=True  steps=10  reason=finish_success

--- Run 29/30 ---
  success=True  steps=53  reason=finish_success

--- Run 30/30 ---
  success=True  steps=21  reason=finish_success

=== Experiment complete ===
  success_rate: 93.33%
  finish_rate:  100.00%
  mean_steps:   35.4
  mean_steps_to_success: 35.1
  aggregate saved to: outputs/kinematics_concrete_llama31_8b/aggregate.json
  episode files saved under: outputs/kinematics_concrete_llama31_8b/run_XX/
