[transformers] `torch_dtype` is deprecated! Use `dtype` instead!
Loading weights: 100%|██████████| 291/291 [00:53<00:00,  5.40it/s]

--- Run 1/30 ---
  success=False  steps=21  reason=finish_wrong

--- Run 2/30 ---
  success=True  steps=53  reason=finish_success

--- Run 3/30 ---
  success=True  steps=10  reason=finish_success

--- Run 4/30 ---
  success=False  steps=100  reason=max_steps

--- Run 5/30 ---
  success=False  steps=77  reason=finish_wrong

--- Run 6/30 ---
  success=False  steps=32  reason=finish_wrong

--- Run 7/30 ---
  success=True  steps=51  reason=finish_success

--- Run 8/30 ---
  success=False  steps=21  reason=finish_wrong

--- Run 9/30 ---
  success=False  steps=32  reason=finish_wrong

--- Run 10/30 ---
  success=True  steps=8  reason=finish_success

--- Run 11/30 ---
  success=False  steps=100  reason=max_steps

--- Run 12/30 ---
  success=True  steps=12  reason=finish_success

--- Run 13/30 ---
  success=False  steps=35  reason=finish_wrong

--- Run 14/30 ---
  success=True  steps=34  reason=finish_success

--- Run 15/30 ---
  success=True  steps=87  reason=finish_success

--- Run 16/30 ---
  success=True  steps=27  reason=finish_success

--- Run 17/30 ---
  success=False  steps=87  reason=finish_wrong

--- Run 18/30 ---
  success=True  steps=9  reason=finish_success

--- Run 19/30 ---
  success=False  steps=96  reason=finish_wrong

--- Run 20/30 ---
  success=False  steps=91  reason=finish_wrong

--- Run 21/30 ---
  success=True  steps=28  reason=finish_success

--- Run 22/30 ---
  success=True  steps=24  reason=finish_success

--- Run 23/30 ---
  success=False  steps=38  reason=finish_wrong

--- Run 24/30 ---
  success=True  steps=21  reason=finish_success

--- Run 25/30 ---
  success=True  steps=13  reason=finish_success

--- Run 26/30 ---
  success=False  steps=93  reason=finish_wrong

--- Run 27/30 ---
  success=True  steps=55  reason=finish_success

--- Run 28/30 ---
  success=True  steps=22  reason=finish_success

--- Run 29/30 ---
  success=True  steps=13  reason=finish_success

--- Run 30/30 ---
  success=False  steps=80  reason=finish_wrong

=== Experiment complete ===
  success_rate: 53.33%
  finish_rate:  93.33%
  mean_steps:   45.7
  mean_steps_to_success: 29.2
  aggregate saved to: outputs/beers_text_default/aggregate.json
