[transformers] `torch_dtype` is deprecated! Use `dtype` instead!
Fetching 4 files: 100%|██████████| 4/4 [00:00<00:00, 3030.57it/s]
[transformers] The fast path is not available because one of the required library is not installed. Falling back to torch implementation. To install follow https://github.com/fla-org/flash-linear-attention#installation and https://github.com/Dao-AILab/causal-conv1d
Loading weights: 100%|██████████| 427/427 [00:56<00:00,  7.58it/s]

--- Run 1/30 ---
  success=True  steps=4  reason=finish_success

--- Run 2/30 ---
  success=True  steps=3  reason=finish_success

--- Run 3/30 ---
  success=True  steps=3  reason=finish_success

--- Run 4/30 ---
  success=True  steps=8  reason=finish_success

--- Run 5/30 ---
  success=True  steps=3  reason=finish_success

--- Run 6/30 ---
  success=True  steps=3  reason=finish_success

--- Run 7/30 ---
  success=True  steps=3  reason=finish_success

--- Run 8/30 ---
  success=True  steps=4  reason=finish_success

--- Run 9/30 ---
  success=True  steps=3  reason=finish_success

--- Run 10/30 ---
  success=True  steps=5  reason=finish_success

--- Run 11/30 ---
  success=True  steps=3  reason=finish_success

--- Run 12/30 ---
  success=True  steps=4  reason=finish_success

--- Run 13/30 ---
  success=True  steps=4  reason=finish_success

--- Run 14/30 ---
  success=True  steps=4  reason=finish_success

--- Run 15/30 ---
  success=True  steps=4  reason=finish_success

--- Run 16/30 ---
  success=True  steps=4  reason=finish_success

--- Run 17/30 ---
  success=True  steps=5  reason=finish_success

--- Run 18/30 ---
  success=True  steps=3  reason=finish_success

--- Run 19/30 ---
  success=True  steps=3  reason=finish_success

--- Run 20/30 ---
  success=True  steps=3  reason=finish_success

--- Run 21/30 ---
  success=True  steps=3  reason=finish_success

--- Run 22/30 ---
  success=True  steps=4  reason=finish_success

--- Run 23/30 ---
  success=True  steps=6  reason=finish_success

--- Run 24/30 ---
  success=True  steps=5  reason=finish_success

--- Run 25/30 ---
  success=True  steps=4  reason=finish_success

--- Run 26/30 ---
  success=True  steps=3  reason=finish_success

--- Run 27/30 ---
  success=True  steps=6  reason=finish_success

--- Run 28/30 ---
  success=True  steps=3  reason=finish_success

--- Run 29/30 ---
  success=True  steps=4  reason=finish_success

--- Run 30/30 ---
  success=True  steps=5  reason=finish_success

=== Experiment complete ===
  success_rate: 100.00%
  finish_rate:  100.00%
  mean_steps:   4.0
  mean_steps_to_success: 4.0
  aggregate saved to: outputs/beers_text_default/aggregate.json
